0 info it worked if it ends with ok
1 verbose cli [ '/usr/local/bin/node', '/usr/local/bin/npm', 'install' ]
2 info using npm@1.4.28
3 info using node@v0.10.33
4 verbose readDependencies using package.json deps
5 verbose install where, deps [ '/home/utsav/namisha', [ 'express', 'jade' ] ]
6 info preinstall application-name@0.0.1
7 verbose readDependencies using package.json deps
8 verbose cache add [ 'express@2.5.8', null ]
9 verbose cache add name=undefined spec="express@2.5.8" args=["express@2.5.8",null]
10 verbose parsed url { protocol: null,
10 verbose parsed url   slashes: null,
10 verbose parsed url   auth: null,
10 verbose parsed url   host: null,
10 verbose parsed url   port: null,
10 verbose parsed url   hostname: null,
10 verbose parsed url   hash: null,
10 verbose parsed url   search: null,
10 verbose parsed url   query: null,
10 verbose parsed url   pathname: 'express@2.5.8',
10 verbose parsed url   path: 'express@2.5.8',
10 verbose parsed url   href: 'express@2.5.8' }
11 verbose cache add [ 'jade@>= 0.0.1', null ]
12 verbose cache add name=undefined spec="jade@>= 0.0.1" args=["jade@>= 0.0.1",null]
13 verbose parsed url { protocol: null,
13 verbose parsed url   slashes: null,
13 verbose parsed url   auth: null,
13 verbose parsed url   host: null,
13 verbose parsed url   port: null,
13 verbose parsed url   hostname: null,
13 verbose parsed url   hash: null,
13 verbose parsed url   search: null,
13 verbose parsed url   query: null,
13 verbose parsed url   pathname: 'jade@%3E=%200.0.1',
13 verbose parsed url   path: 'jade@%3E=%200.0.1',
13 verbose parsed url   href: 'jade@%3E=%200.0.1' }
14 verbose cache add name="express" spec="2.5.8" args=["express","2.5.8"]
15 verbose parsed url { protocol: null,
15 verbose parsed url   slashes: null,
15 verbose parsed url   auth: null,
15 verbose parsed url   host: null,
15 verbose parsed url   port: null,
15 verbose parsed url   hostname: null,
15 verbose parsed url   hash: null,
15 verbose parsed url   search: null,
15 verbose parsed url   query: null,
15 verbose parsed url   pathname: '2.5.8',
15 verbose parsed url   path: '2.5.8',
15 verbose parsed url   href: '2.5.8' }
16 verbose addNamed [ 'express', '2.5.8' ]
17 verbose addNamed [ '2.5.8', '2.5.8' ]
18 verbose cache add name="jade" spec=">= 0.0.1" args=["jade",">= 0.0.1"]
19 verbose parsed url { protocol: null,
19 verbose parsed url   slashes: null,
19 verbose parsed url   auth: null,
19 verbose parsed url   host: null,
19 verbose parsed url   port: null,
19 verbose parsed url   hostname: null,
19 verbose parsed url   hash: null,
19 verbose parsed url   search: null,
19 verbose parsed url   query: null,
19 verbose parsed url   pathname: '%3E=%200.0.1',
19 verbose parsed url   path: '%3E=%200.0.1',
19 verbose parsed url   href: '%3E=%200.0.1' }
20 verbose addNamed [ 'jade', '>= 0.0.1' ]
21 verbose addNamed [ null, '>=0.0.1' ]
22 silly lockFile 70a1a393-express-2-5-8 express@2.5.8
23 verbose lock express@2.5.8 /home/utsav/.npm/70a1a393-express-2-5-8.lock
24 silly lockFile 15f6ebf8-jade-0-0-1 jade@>= 0.0.1
25 verbose lock jade@>= 0.0.1 /home/utsav/.npm/15f6ebf8-jade-0-0-1.lock
26 silly addNameRange { name: 'jade', range: '>=0.0.1', hasData: false }
27 verbose request where is /jade
28 verbose request registry https://registry.npmjs.org/
29 verbose request id 188584b020abe559
30 verbose url raw /jade
31 verbose url resolving [ 'https://registry.npmjs.org/', './jade' ]
32 verbose url resolved https://registry.npmjs.org/jade
33 verbose request where is https://registry.npmjs.org/jade
34 info trying registry request attempt 1 at 23:13:58
35 verbose etag "60XWU59TR267G5RMSEQ58RBW2"
36 http GET https://registry.npmjs.org/jade
37 verbose request where is /express
38 verbose request registry https://registry.npmjs.org/
39 verbose url raw /express
40 verbose url resolving [ 'https://registry.npmjs.org/', './express' ]
41 verbose url resolved https://registry.npmjs.org/express
42 verbose request where is https://registry.npmjs.org/express
43 info trying registry request attempt 1 at 23:13:59
44 verbose etag "33HHGBHCGZ03C9HAD4QR15QW1"
45 http GET https://registry.npmjs.org/express
46 http 200 https://registry.npmjs.org/jade
47 silly registry.get cb [ 200,
47 silly registry.get   { date: 'Sat, 13 Dec 2014 07:13:59 GMT',
47 silly registry.get     server: 'CouchDB/1.5.0 (Erlang OTP/R16B03)',
47 silly registry.get     etag: '"2VLZBIKIE0ZCDWFLD2S2DKHO6"',
47 silly registry.get     'content-type': 'application/json',
47 silly registry.get     'cache-control': 'max-age=60',
47 silly registry.get     'content-length': '131214',
47 silly registry.get     'accept-ranges': 'bytes',
47 silly registry.get     via: '1.1 varnish',
47 silly registry.get     age: '41',
47 silly registry.get     'x-served-by': 'cache-lax1433-LAX',
47 silly registry.get     'x-cache': 'HIT',
47 silly registry.get     'x-cache-hits': '1',
47 silly registry.get     'x-timer': 'S1418454839.273609,VS0,VE0',
47 silly registry.get     vary: 'Accept',
47 silly registry.get     'keep-alive': 'timeout=10, max=50',
47 silly registry.get     connection: 'Keep-Alive' } ]
48 silly addNameRange number 2 { name: 'jade', range: '>=0.0.1', hasData: true }
49 silly addNameRange versions [ 'jade',
49 silly addNameRange   [ '0.0.1',
49 silly addNameRange     '0.0.2',
49 silly addNameRange     '0.1.0',
49 silly addNameRange     '0.2.0',
49 silly addNameRange     '0.2.1',
49 silly addNameRange     '0.2.2',
49 silly addNameRange     '0.2.3',
49 silly addNameRange     '0.2.4',
49 silly addNameRange     '0.3.0',
49 silly addNameRange     '0.4.0',
49 silly addNameRange     '0.4.1',
49 silly addNameRange     '0.5.0',
49 silly addNameRange     '0.5.1',
49 silly addNameRange     '0.5.2',
49 silly addNameRange     '0.5.3',
49 silly addNameRange     '0.5.4',
49 silly addNameRange     '0.5.5',
49 silly addNameRange     '0.5.6',
49 silly addNameRange     '0.5.7',
49 silly addNameRange     '0.6.0',
49 silly addNameRange     '0.6.1',
49 silly addNameRange     '0.6.3',
49 silly addNameRange     '0.7.0',
49 silly addNameRange     '0.7.1',
49 silly addNameRange     '0.8.0',
49 silly addNameRange     '0.8.1',
49 silly addNameRange     '0.8.2',
49 silly addNameRange     '0.8.3',
49 silly addNameRange     '0.8.4',
49 silly addNameRange     '0.8.5',
49 silly addNameRange     '0.8.6',
49 silly addNameRange     '0.8.7',
49 silly addNameRange     '0.8.8',
49 silly addNameRange     '0.8.9',
49 silly addNameRange     '0.9.0',
49 silly addNameRange     '0.9.1',
49 silly addNameRange     '0.9.2',
49 silly addNameRange     '0.9.3',
49 silly addNameRange     '0.10.0',
49 silly addNameRange     '0.10.1',
49 silly addNameRange     '0.10.2',
49 silly addNameRange     '0.10.3',
49 silly addNameRange     '0.10.4',
49 silly addNameRange     '0.10.5',
49 silly addNameRange     '0.10.6',
49 silly addNameRange     '0.10.7',
49 silly addNameRange     '0.11.0',
49 silly addNameRange     '0.11.1',
49 silly addNameRange     '0.12.0',
49 silly addNameRange     '0.12.1',
49 silly addNameRange     '0.12.2',
49 silly addNameRange     '0.12.3',
49 silly addNameRange     '0.12.4',
49 silly addNameRange     '0.13.0',
49 silly addNameRange     '0.14.0',
49 silly addNameRange     '0.14.1',
49 silly addNameRange     '0.14.2',
49 silly addNameRange     '0.15.0',
49 silly addNameRange     '0.15.1',
49 silly addNameRange     '0.15.2',
49 silly addNameRange     '0.15.3',
49 silly addNameRange     '0.15.4',
49 silly addNameRange     '0.16.0',
49 silly addNameRange     '0.16.1',
49 silly addNameRange     '0.16.2',
49 silly addNameRange     '0.16.3',
49 silly addNameRange     '0.16.4',
49 silly addNameRange     '0.17.0',
49 silly addNameRange     '0.18.0',
49 silly addNameRange     '0.19.0',
49 silly addNameRange     '0.20.0',
49 silly addNameRange     '0.20.1',
49 silly addNameRange     '0.20.2',
49 silly addNameRange     '0.20.3',
49 silly addNameRange     '0.21.0',
49 silly addNameRange     '0.22.0',
49 silly addNameRange     '0.22.1',
49 silly addNameRange     '0.23.0',
49 silly addNameRange     '0.24.0',
49 silly addNameRange     '0.25.0',
49 silly addNameRange     '0.26.0',
49 silly addNameRange     '0.26.1',
49 silly addNameRange     '0.26.2',
49 silly addNameRange     '0.26.3',
49 silly addNameRange     '0.27.0',
49 silly addNameRange     '0.27.1',
49 silly addNameRange     '0.27.2',
49 silly addNameRange     '0.27.3',
49 silly addNameRange     '0.27.4',
49 silly addNameRange     '0.27.5',
49 silly addNameRange     '0.27.6',
49 silly addNameRange     '0.27.7',
49 silly addNameRange     '0.28.0',
49 silly addNameRange     '0.28.1',
49 silly addNameRange     '0.28.2',
49 silly addNameRange     '0.29.0',
49 silly addNameRange     '0.30.0',
49 silly addNameRange     '0.31.0',
49 silly addNameRange     '0.31.1',
49 silly addNameRange     '0.31.2',
49 silly addNameRange     '0.32.0',
49 silly addNameRange     '0.33.0',
49 silly addNameRange     '0.34.0',
49 silly addNameRange     '0.34.1',
49 silly addNameRange     '0.35.0',
49 silly addNameRange     '1.0.0',
49 silly addNameRange     '1.0.1',
49 silly addNameRange     '1.0.2',
49 silly addNameRange     '1.1.0',
49 silly addNameRange     '1.1.1',
49 silly addNameRange     '1.1.2',
49 silly addNameRange     '1.1.3',
49 silly addNameRange     '1.1.4',
49 silly addNameRange     '1.1.5',
49 silly addNameRange     '1.2.0',
49 silly addNameRange     '1.3.0',
49 silly addNameRange     '1.3.1',
49 silly addNameRange     '1.4.0',
49 silly addNameRange     '1.4.1',
49 silly addNameRange     '1.4.2',
49 silly addNameRange     '1.5.0',
49 silly addNameRange     '1.6.0',
49 silly addNameRange     '1.7.0',
49 silly addNameRange     '1.8.0',
49 silly addNameRange     '1.8.1' ] ]
50 verbose addNamed [ 'jade', '1.8.1' ]
51 verbose addNamed [ '1.8.1', '1.8.1' ]
52 silly lockFile 68345736-jade-1-8-1 jade@1.8.1
53 verbose lock jade@1.8.1 /home/utsav/.npm/68345736-jade-1-8-1.lock
54 silly lockFile a56277c2-ry-npmjs-org-jade-jade-1-8-1-tgz https://registry.npmjs.org/jade/-/jade-1.8.1.tgz
55 verbose lock https://registry.npmjs.org/jade/-/jade-1.8.1.tgz /home/utsav/.npm/a56277c2-ry-npmjs-org-jade-jade-1-8-1-tgz.lock
56 verbose addRemoteTarball [ 'https://registry.npmjs.org/jade/-/jade-1.8.1.tgz',
56 verbose addRemoteTarball   '7f28dfd42832fda613e4a28fd0febb3f423c464f' ]
57 info retry fetch attempt 1 at 23:13:59
58 verbose fetch to= /tmp/npm-26169-ubNHOvrc/registry.npmjs.org/jade/-/jade-1.8.1.tgz
59 http GET https://registry.npmjs.org/jade/-/jade-1.8.1.tgz
60 http 200 https://registry.npmjs.org/jade/-/jade-1.8.1.tgz
61 silly lockFile a56277c2-ry-npmjs-org-jade-jade-1-8-1-tgz https://registry.npmjs.org/jade/-/jade-1.8.1.tgz
62 silly lockFile a56277c2-ry-npmjs-org-jade-jade-1-8-1-tgz https://registry.npmjs.org/jade/-/jade-1.8.1.tgz
63 silly lockFile 68345736-jade-1-8-1 jade@1.8.1
64 silly lockFile 68345736-jade-1-8-1 jade@1.8.1
65 silly lockFile 15f6ebf8-jade-0-0-1 jade@>= 0.0.1
66 silly lockFile 15f6ebf8-jade-0-0-1 jade@>= 0.0.1
67 http 200 https://registry.npmjs.org/express
68 silly registry.get cb [ 200,
68 silly registry.get   { date: 'Sat, 13 Dec 2014 07:13:59 GMT',
68 silly registry.get     server: 'CouchDB/1.5.0 (Erlang OTP/R16B03)',
68 silly registry.get     etag: '"7QCV70PQ882SMQTHJ8748DXEV"',
68 silly registry.get     'content-type': 'application/json',
68 silly registry.get     'cache-control': 'max-age=60',
68 silly registry.get     'content-length': '444328',
68 silly registry.get     'accept-ranges': 'bytes',
68 silly registry.get     via: '1.1 varnish',
68 silly registry.get     age: '8',
68 silly registry.get     'x-served-by': 'cache-lax1426-LAX',
68 silly registry.get     'x-cache': 'HIT',
68 silly registry.get     'x-cache-hits': '1',
68 silly registry.get     'x-timer': 'S1418454839.302445,VS0,VE1',
68 silly registry.get     vary: 'Accept',
68 silly registry.get     'keep-alive': 'timeout=10, max=50',
68 silly registry.get     connection: 'Keep-Alive' } ]
69 silly lockFile b8aa1eec-js-org-express-express-2-5-8-tgz https://registry.npmjs.org/express/-/express-2.5.8.tgz
70 verbose lock https://registry.npmjs.org/express/-/express-2.5.8.tgz /home/utsav/.npm/b8aa1eec-js-org-express-express-2-5-8-tgz.lock
71 verbose addRemoteTarball [ 'https://registry.npmjs.org/express/-/express-2.5.8.tgz',
71 verbose addRemoteTarball   'f166b55d4e8c6d2307ef88ad1768209613f7452a' ]
72 info retry fetch attempt 1 at 23:14:00
73 verbose fetch to= /tmp/npm-26169-ubNHOvrc/registry.npmjs.org/express/-/express-2.5.8.tgz
74 http GET https://registry.npmjs.org/express/-/express-2.5.8.tgz
75 http 200 https://registry.npmjs.org/express/-/express-2.5.8.tgz
76 silly lockFile b8aa1eec-js-org-express-express-2-5-8-tgz https://registry.npmjs.org/express/-/express-2.5.8.tgz
77 silly lockFile b8aa1eec-js-org-express-express-2-5-8-tgz https://registry.npmjs.org/express/-/express-2.5.8.tgz
78 silly lockFile 70a1a393-express-2-5-8 express@2.5.8
79 silly lockFile 70a1a393-express-2-5-8 express@2.5.8
80 error Error: EACCES, mkdir '/home/utsav/.npm/express/2.5.8'
80 error  { [Error: EACCES, mkdir '/home/utsav/.npm/express/2.5.8']
80 error   errno: 3,
80 error   code: 'EACCES',
80 error   path: '/home/utsav/.npm/express/2.5.8',
80 error   parent: 'application-name' }
81 error Please try running this command again as root/Administrator.
82 error System Linux 3.13.0-24-generic
83 error command "/usr/local/bin/node" "/usr/local/bin/npm" "install"
84 error cwd /home/utsav/namisha
85 error node -v v0.10.33
86 error npm -v 1.4.28
87 error path /home/utsav/.npm/express/2.5.8
88 error code EACCES
89 error errno 3
90 error stack Error: EACCES, mkdir '/home/utsav/.npm/express/2.5.8'
91 verbose exit [ 3, true ]
